Arguments: 
  /Users/marcwallis/.nvm/versions/node/v16.1.0/bin/node /usr/local/bin/yarn watch:dev

PATH: 
  /Users/marcwallis/.nvm/versions/node/v16.1.0/bin:/usr/local/bin:/usr/bin:/bin:/usr/sbin:/sbin:/usr/local/MacGPG2/bin

Yarn version: 
  1.22.10

Node version: 
  16.1.0

Platform: 
  darwin x64

Trace: 
  SyntaxError: /Users/marcwallis/paleo-on-the-go/src/widgets/vue/package.json: Unexpected token / in JSON at position 1828
      at JSON.parse (<anonymous>)
      at /usr/local/lib/node_modules/yarn/lib/cli.js:1625:59
      at Generator.next (<anonymous>)
      at step (/usr/local/lib/node_modules/yarn/lib/cli.js:310:30)
      at /usr/local/lib/node_modules/yarn/lib/cli.js:321:13

npm manifest: 
  {
    "name": "themekit-skeleton",
    "author": "Scoutside",
    "license": "MIT",
    "dependencies": {
      "axios": "^0.18.1",
      "dayjs": "^1.8.23",
      "deep-equal": "^1.0.1",
      "document-register-element": "^1.13.2",
      "moment": "^2.24.0",
      "node-gyp": "^6.1.0",
      "pikaday": "^1.8.0",
      "postcode-validator": "^2.0.0",
      "postcss-import": "^12.0.1",
      "rebuild": "^0.1.2",
      "sass": "^1.17.1",
      "tiny-slider": "^2.9.2",
      "universal-cookie": "^4.0.3",
      "vue": "^2.6.8",
      "vue-badger-accordion": "^1.1.3",
      "vue-custom-element": "^3.2.14",
      "vue-router": "^3.0.2",
      "vue-scrollto": "^2.17.1",
      "vuex": "^3.1.0"
    },
    "devDependencies": {
      "@babel/core": "^7.1.2",
      "@babel/plugin-syntax-dynamic-import": "^7.2.0",
      "@babel/plugin-transform-destructuring": "^7.1.3",
      "@babel/plugin-transform-object-assign": "^7.0.0",
      "@babel/plugin-transform-runtime": "^7.1.0",
      "@babel/preset-env": "^7.1.0",
      "@babel/runtime": "^7.4.4",
      "autoprefixer": "^9.1.5",
      "babel-loader": "^8.0.4",
      "css-loader": "^1.0.0",
      "cssnano": "^4.1.4",
      "file-loader": "^4.0.0",
      "http-server": "^0.12.1",
      "lost": "^8.3.1",
      "mini-css-extract-plugin": "^0.6.0",
      "node-sass": "^4.12.0",
      "npm-run-all": "2.3.0",
      "postcss-clean": "^1.1.0",
      "postcss-flexbox": "^1.0.3",
      "postcss-loader": "^3.0.0",
      "postcss-prefix-selector": "^1.7.2",
      "postcss-will-change": "^3.0.0",
      "sass-loader": "^7.1.0",
      "sass-resources-loader": "^2.0.0",
      "style-loader": "^0.23.0",
      "vue-loader": "^15.9.1",
      "vue-style-loader": "^4.1.2",
      "vue-template-compiler": "^2.5.17",
      "webpack": "^4.0.0",
      "webpack-bundle-analyzer": "^3.3.2",
      "webpack-cli": "^3.1.2",
      "webpack-config-utils": "^2.3.0",
      "webpack-dev-server": "^3.1.9"
    },
    // "devDependencies": {
    //   "@babel/core": "^7.2.2",
    //   "@babel/plugin-transform-destructuring": "^7.2.0",
    //   "@babel/plugin-transform-object-assign": "^7.2.0",
    //   "@babel/plugin-transform-runtime": "^7.2.0",
    //   "@babel/preset-env": "^7.2.3",
    //   "autoprefixer": "^9.6.4",
    //   "babel-loader": "^8.0.5",
    //   "babel-plugin-dynamic-import-node": "^2.2.0",
    //   "browser-sync": "^2.26.3",
    //   "concurrently": "^4.1.0",
    //   "copyfiles": "^2.1.0",
    //   "css-loader": "^2.1.0",
    //   "cssnano": "^4.1.8",
    //   "file-loader": "^4.2.0",
    //   "glob": "^7.1.4",
    //   "js-yaml": "^3.13.1",
    //   "lost": "^8.3.1",
    //   "mini-css-extract-plugin": "^0.5.0",
    //   "node-sass-utils": "^1.1.3",
    //   "node-watch": "^0.6.0",
    //   "postcss-clean": "^1.1.0",
    //   "postcss-flexbox": "^1.0.3",
    //   "postcss-import": "^12.0.1",
    //   "postcss-loader": "^3.0.0",
    //   "postcss-preset-env": "^6.7.0",
    //   "postcss-will-change": "^3.0.0",
    //   "rimraf": "^2.6.3",
    //   "sass-extract": "^2.1.0",
    //   "sass-loader": "^8.0.0",
    //   "sass-resources-loader": "^2.0.1",
    //   "vue-loader": "^15.9.1",
    //   "vue-styleguidist": "^4.17.0",
    //   "vue-template-compiler": "^2.6.12",
    //   "webpack": "^4.42.1",
    //   "webpack-cli": "^3.2.1"
    // },  
    "scripts": {
      "watch:dev": "webpack --watch --mode=development --env=dev --display-error-details",
      "watch:prod": "webpack --watch --mode=production --env=prod -p -display-error-details"
    }
  }

yarn manifest: 
  No manifest

Lockfile: 
  No lockfile
